# JRE version: OpenJDK Runtime Environment (8.0_152-b01) (build 1.8.0_152-release-915-b01)
# Java VM: OpenJDK 64-Bit Server VM (25.152-b01 mixed mode linux-amd64 compressed oops)
Heap:
 PSYoungGen      total 328192K, used 0K [0x00000000e0000000, 0x00000000f6a00000, 0x0000000100000000)
  eden space 308224K, 0% used [0x00000000e0000000,0x00000000e0000000,0x00000000f2d00000)
  from space 19968K, 0% used [0x00000000f4800000,0x00000000f4800000,0x00000000f5b80000)
  to   space 27648K, 0% used [0x00000000f2d00000,0x00000000f2d00000,0x00000000f4800000)
 ParOldGen       total 212480K, used 41101K [0x00000000a0000000, 0x00000000acf80000, 0x00000000e0000000)
  object space 212480K, 19% used [0x00000000a0000000,0x00000000a2823410,0x00000000acf80000)
 Metaspace       used 57220K, capacity 58868K, committed 59028K, reserved 1099776K
  class space    used 7711K, capacity 8121K, committed 8192K, reserved 1048576K
GC Heap History (10 events):
Event: 4.083 GC heap after
Heap after GC invocations=4 (full 1):
 PSYoungGen      total 173056K, used 11732K [0x00000000e0000000, 0x00000000ef200000, 0x0000000100000000)
  eden space 159744K, 0% used [0x00000000e0000000,0x00000000e0000000,0x00000000e9c00000)
  from space 13312K, 88% used [0x00000000e9c00000,0x00000000ea775010,0x00000000ea900000)
  to   space 13312K, 0% used [0x00000000ee500000,0x00000000ee500000,0x00000000ef200000)
 ParOldGen       total 140288K, used 11603K [0x00000000a0000000, 0x00000000a8900000, 0x00000000e0000000)
  object space 140288K, 8% used [0x00000000a0000000,0x00000000a0b54fa0,0x00000000a8900000)
 Metaspace       used 30257K, capacity 30870K, committed 31104K, reserved 1075200K
  class space    used 4130K, capacity 4354K, committed 4480K, reserved 1048576K
}
Event: 4.763 GC heap before
{Heap before GC invocations=5 (full 1):
 PSYoungGen      total 173056K, used 45584K [0x00000000e0000000, 0x00000000ef200000, 0x0000000100000000)
  eden space 159744K, 21% used [0x00000000e0000000,0x00000000e210f2a0,0x00000000e9c00000)
  from space 13312K, 88% used [0x00000000e9c00000,0x00000000ea775010,0x00000000ea900000)
  to   space 13312K, 0% used [0x00000000ee500000,0x00000000ee500000,0x00000000ef200000)
 ParOldGen       total 140288K, used 11603K [0x00000000a0000000, 0x00000000a8900000, 0x00000000e0000000)
  object space 140288K, 8% used [0x00000000a0000000,0x00000000a0b54fa0,0x00000000a8900000)
 Metaspace       used 34543K, capacity 35204K, committed 35416K, reserved 1079296K
  class space    used 4694K, capacity 4934K, committed 4992K, reserved 1048576K
Event: 4.789 GC heap after
Heap after GC invocations=5 (full 1):
 PSYoungGen      total 234496K, used 9457K [0x00000000e0000000, 0x00000000efd00000, 0x0000000100000000)
  eden space 221184K, 0% used [0x00000000e0000000,0x00000000e0000000,0x00000000ed800000)
  from space 13312K, 71% used [0x00000000ee500000,0x00000000eee3c618,0x00000000ef200000)
  to   space 13312K, 0% used [0x00000000ed800000,0x00000000ed800000,0x00000000ee500000)
 ParOldGen       total 140288K, used 11611K [0x00000000a0000000, 0x00000000a8900000, 0x00000000e0000000)
  object space 140288K, 8% used [0x00000000a0000000,0x00000000a0b56fa0,0x00000000a8900000)
 Metaspace       used 34543K, capacity 35204K, committed 35416K, reserved 1079296K
  class space    used 4694K, capacity 4934K, committed 4992K, reserved 1048576K
}
Event: 4.789 GC heap before
{Heap before GC invocations=6 (full 2):
 PSYoungGen      total 234496K, used 9457K [0x00000000e0000000, 0x00000000efd00000, 0x0000000100000000)
  eden space 221184K, 0% used [0x00000000e0000000,0x00000000e0000000,0x00000000ed800000)
  from space 13312K, 71% used [0x00000000ee500000,0x00000000eee3c618,0x00000000ef200000)
  to   space 13312K, 0% used [0x00000000ed800000,0x00000000ed800000,0x00000000ee500000)
 ParOldGen       total 140288K, used 11611K [0x00000000a0000000, 0x00000000a8900000, 0x00000000e0000000)
  object space 140288K, 8% used [0x00000000a0000000,0x00000000a0b56fa0,0x00000000a8900000)
 Metaspace       used 34543K, capacity 35204K, committed 35416K, reserved 1079296K
  class space    used 4694K, capacity 4934K, committed 4992K, reserved 1048576K
Event: 4.846 GC heap after
Heap after GC invocations=6 (full 2):
 PSYoungGen      total 234496K, used 0K [0x00000000e0000000, 0x00000000efd00000, 0x0000000100000000)
  eden space 221184K, 0% used [0x00000000e0000000,0x00000000e0000000,0x00000000ed800000)
  from space 13312K, 0% used [0x00000000ee500000,0x00000000ee500000,0x00000000ef200000)
  to   space 13312K, 0% used [0x00000000ed800000,0x00000000ed800000,0x00000000ee500000)
 ParOldGen       total 212480K, used 15735K [0x00000000a0000000, 0x00000000acf80000, 0x00000000e0000000)
  object space 212480K, 7% used [0x00000000a0000000,0x00000000a0f5dc90,0x00000000acf80000)
 Metaspace       used 34543K, capacity 35204K, committed 35416K, reserved 1079296K
  class space    used 4694K, capacity 4934K, committed 4992K, reserved 1048576K
}
Event: 7.854 GC heap before
{Heap before GC invocations=7 (full 2):
 PSYoungGen      total 234496K, used 221184K [0x00000000e0000000, 0x00000000efd00000, 0x0000000100000000)
  eden space 221184K, 100% used [0x00000000e0000000,0x00000000ed800000,0x00000000ed800000)
  from space 13312K, 0% used [0x00000000ee500000,0x00000000ee500000,0x00000000ef200000)
  to   space 13312K, 0% used [0x00000000ed800000,0x00000000ed800000,0x00000000ee500000)
 ParOldGen       total 212480K, used 15735K [0x00000000a0000000, 0x00000000acf80000, 0x00000000e0000000)
  object space 212480K, 7% used [0x00000000a0000000,0x00000000a0f5dc90,0x00000000acf80000)
 Metaspace       used 50264K, capacity 51818K, committed 52056K, reserved 1093632K
  class space    used 6821K, capacity 7232K, committed 7296K, reserved 1048576K
Event: 7.877 GC heap after
Heap after GC invocations=7 (full 2):
 PSYoungGen      total 234496K, used 13295K [0x00000000e0000000, 0x00000000f5b80000, 0x0000000100000000)
  eden space 221184K, 0% used [0x00000000e0000000,0x00000000e0000000,0x00000000ed800000)
  from space 13312K, 99% used [0x00000000ed800000,0x00000000ee4fbc48,0x00000000ee500000)
  to   space 19968K, 0% used [0x00000000f4800000,0x00000000f4800000,0x00000000f5b80000)
 ParOldGen       total 212480K, used 23558K [0x00000000a0000000, 0x00000000acf80000, 0x00000000e0000000)
  object space 212480K, 11% used [0x00000000a0000000,0x00000000a1701938,0x00000000acf80000)
 Metaspace       used 50264K, capacity 51818K, committed 52056K, reserved 1093632K
  class space    used 6821K, capacity 7232K, committed 7296K, reserved 1048576K
}
Event: 9.633 GC heap before
{Heap before GC invocations=8 (full 2):
 PSYoungGen      total 234496K, used 131920K [0x00000000e0000000, 0x00000000f5b80000, 0x0000000100000000)
  eden space 221184K, 53% used [0x00000000e0000000,0x00000000e73d8760,0x00000000ed800000)
  from space 13312K, 99% used [0x00000000ed800000,0x00000000ee4fbc48,0x00000000ee500000)
  to   space 19968K, 0% used [0x00000000f4800000,0x00000000f4800000,0x00000000f5b80000)
 ParOldGen       total 212480K, used 23558K [0x00000000a0000000, 0x00000000acf80000, 0x00000000e0000000)
  object space 212480K, 11% used [0x00000000a0000000,0x00000000a1701938,0x00000000acf80000)
 Metaspace       used 57220K, capacity 58868K, committed 59028K, reserved 1099776K
  class space    used 7711K, capacity 8121K, committed 8192K, reserved 1048576K
Event: 9.664 GC heap after
Heap after GC invocations=8 (full 2):
 PSYoungGen      total 328192K, used 19942K [0x00000000e0000000, 0x00000000f6a00000, 0x0000000100000000)
  eden space 308224K, 0% used [0x00000000e0000000,0x00000000e0000000,0x00000000f2d00000)
  from space 19968K, 99% used [0x00000000f4800000,0x00000000f5b79b70,0x00000000f5b80000)
  to   space 27648K, 0% used [0x00000000f2d00000,0x00000000f2d00000,0x00000000f4800000)
 ParOldGen       total 212480K, used 31825K [0x00000000a0000000, 0x00000000acf80000, 0x00000000e0000000)
  object space 212480K, 14% used [0x00000000a0000000,0x00000000a1f14520,0x00000000acf80000)
 Metaspace       used 57220K, capacity 58868K, committed 59028K, reserved 1099776K
  class space    used 7711K, capacity 8121K, committed 8192K, reserved 1048576K
}
Event: 9.668 GC heap before
{Heap before GC invocations=9 (full 3):
 PSYoungGen      total 328192K, used 19942K [0x00000000e0000000, 0x00000000f6a00000, 0x0000000100000000)
  eden space 308224K, 0% used [0x00000000e0000000,0x00000000e0000000,0x00000000f2d00000)
  from space 19968K, 99% used [0x00000000f4800000,0x00000000f5b79b70,0x00000000f5b80000)
  to   space 27648K, 0% used [0x00000000f2d00000,0x00000000f2d00000,0x00000000f4800000)
 ParOldGen       total 212480K, used 31825K [0x00000000a0000000, 0x00000000acf80000, 0x00000000e0000000)
  object space 212480K, 14% used [0x00000000a0000000,0x00000000a1f14520,0x00000000acf80000)
 Metaspace       used 57220K, capacity 58868K, committed 59028K, reserved 1099776K
  class space    used 7711K, capacity 8121K, committed 8192K, reserved 1048576K

